2018-11-20 10:44:00,901 [Worker-0: Loading available Gradle versions] INFO  c.g.t.t.d.PublishedGradleVersions - Gradle version information cache is up-to-date. Trying to read.
2018-11-20 11:08:01,983 [Worker-1: Loading available Gradle versions] INFO  c.g.t.t.d.PublishedGradleVersions - Gradle version information cache is up-to-date. Trying to read.
2018-11-20 12:29:10,336 [Worker-5: Loading available Gradle versions] INFO  c.g.t.t.d.PublishedGradleVersions - Gradle version information cache is up-to-date. Trying to read.
2018-11-20 12:38:38,397 [Worker-1: Loading available Gradle versions] INFO  c.g.t.t.d.PublishedGradleVersions - Gradle version information cache is up-to-date. Trying to read.
2018-11-20 12:40:16,524 [main] INFO  org.mortbay.log - Logging to Logger[org.mortbay.log] via org.mortbay.log.Slf4jLog
2018-11-20 12:40:16,525 [main] INFO  org.mortbay.log - jetty-6.1.x
2018-11-20 12:40:16,537 [main] INFO  org.mortbay.log - Started SocketConnector@localhost:39905
2018-11-20 12:44:39,174 [main] INFO  org.mortbay.log - Stopped SocketConnector@localhost:39905
2018-11-20 13:03:03,519 [ModalContext] INFO  o.e.m.c.i.e.AbstractTransferListenerAdapter - Downloading https://repo.maven.apache.org/maven2/jstl/jstl/1.2/jstl-1.2.jar
2018-11-20 13:03:03,945 [ModalContext] INFO  o.e.m.c.i.e.AbstractTransferListenerAdapter - Downloaded https://repo.maven.apache.org/maven2/jstl/jstl/1.2/jstl-1.2.jar
2018-11-20 13:03:04,601 [ModalContext] INFO  o.e.m.c.i.e.AbstractTransferListenerAdapter - Downloading https://repo.maven.apache.org/maven2/com/google/endpoints/endpoints-framework/2.2.0/endpoints-framework-2.2.0.pom
2018-11-20 13:03:04,676 [ModalContext] INFO  o.e.m.c.i.e.AbstractTransferListenerAdapter - Downloaded https://repo.maven.apache.org/maven2/com/google/endpoints/endpoints-framework/2.2.0/endpoints-framework-2.2.0.pom
2018-11-20 13:03:05,873 [ModalContext] INFO  o.e.m.c.i.e.AbstractTransferListenerAdapter - Downloading https://repo.maven.apache.org/maven2/com/google/http-client/google-http-client-jackson2/1.25.0/google-http-client-jackson2-1.25.0.pom
2018-11-20 13:03:05,946 [ModalContext] INFO  o.e.m.c.i.e.AbstractTransferListenerAdapter - Downloaded https://repo.maven.apache.org/maven2/com/google/http-client/google-http-client-jackson2/1.25.0/google-http-client-jackson2-1.25.0.pom
2018-11-20 13:03:06,034 [ModalContext] INFO  o.e.m.c.i.e.AbstractTransferListenerAdapter - Downloading https://repo.maven.apache.org/maven2/com/google/http-client/google-http-client-parent/1.25.0/google-http-client-parent-1.25.0.pom
2018-11-20 13:03:06,172 [ModalContext] INFO  o.e.m.c.i.e.AbstractTransferListenerAdapter - Downloaded https://repo.maven.apache.org/maven2/com/google/http-client/google-http-client-parent/1.25.0/google-http-client-parent-1.25.0.pom
2018-11-20 13:03:06,266 [ModalContext] INFO  o.e.m.c.i.e.AbstractTransferListenerAdapter - Downloading https://repo.maven.apache.org/maven2/com/google/http-client/google-http-client/1.25.0/google-http-client-1.25.0.pom
2018-11-20 13:03:06,339 [ModalContext] INFO  o.e.m.c.i.e.AbstractTransferListenerAdapter - Downloaded https://repo.maven.apache.org/maven2/com/google/http-client/google-http-client/1.25.0/google-http-client-1.25.0.pom
2018-11-20 13:03:06,430 [ModalContext] INFO  o.e.m.c.i.e.AbstractTransferListenerAdapter - Downloading https://repo.maven.apache.org/maven2/com/google/code/findbugs/jsr305/3.0.2/jsr305-3.0.2.pom
2018-11-20 13:03:06,503 [ModalContext] INFO  o.e.m.c.i.e.AbstractTransferListenerAdapter - Downloaded https://repo.maven.apache.org/maven2/com/google/code/findbugs/jsr305/3.0.2/jsr305-3.0.2.pom
2018-11-20 13:03:06,583 [ModalContext] INFO  o.e.m.c.i.e.AbstractTransferListenerAdapter - Downloading https://repo.maven.apache.org/maven2/org/apache/httpcomponents/httpclient/4.5.5/httpclient-4.5.5.pom
2018-11-20 13:03:06,801 [ModalContext] INFO  o.e.m.c.i.e.AbstractTransferListenerAdapter - Downloaded https://repo.maven.apache.org/maven2/org/apache/httpcomponents/httpclient/4.5.5/httpclient-4.5.5.pom
2018-11-20 13:03:06,924 [ModalContext] INFO  o.e.m.c.i.e.AbstractTransferListenerAdapter - Downloading https://repo.maven.apache.org/maven2/org/apache/httpcomponents/httpcomponents-client/4.5.5/httpcomponents-client-4.5.5.pom
2018-11-20 13:03:07,000 [ModalContext] INFO  o.e.m.c.i.e.AbstractTransferListenerAdapter - Downloaded https://repo.maven.apache.org/maven2/org/apache/httpcomponents/httpcomponents-client/4.5.5/httpcomponents-client-4.5.5.pom
2018-11-20 13:03:07,088 [ModalContext] INFO  o.e.m.c.i.e.AbstractTransferListenerAdapter - Downloading https://repo.maven.apache.org/maven2/org/apache/httpcomponents/httpcomponents-parent/10/httpcomponents-parent-10.pom
2018-11-20 13:03:07,186 [ModalContext] INFO  o.e.m.c.i.e.AbstractTransferListenerAdapter - Downloaded https://repo.maven.apache.org/maven2/org/apache/httpcomponents/httpcomponents-parent/10/httpcomponents-parent-10.pom
2018-11-20 13:03:07,550 [ModalContext] INFO  o.e.m.c.i.e.AbstractTransferListenerAdapter - Downloading https://repo.maven.apache.org/maven2/org/apache/httpcomponents/httpcore/4.4.9/httpcore-4.4.9.pom
2018-11-20 13:03:07,636 [ModalContext] INFO  o.e.m.c.i.e.AbstractTransferListenerAdapter - Downloaded https://repo.maven.apache.org/maven2/org/apache/httpcomponents/httpcore/4.4.9/httpcore-4.4.9.pom
2018-11-20 13:03:07,733 [ModalContext] INFO  o.e.m.c.i.e.AbstractTransferListenerAdapter - Downloading https://repo.maven.apache.org/maven2/org/apache/httpcomponents/httpcomponents-core/4.4.9/httpcomponents-core-4.4.9.pom
2018-11-20 13:03:07,815 [ModalContext] INFO  o.e.m.c.i.e.AbstractTransferListenerAdapter - Downloaded https://repo.maven.apache.org/maven2/org/apache/httpcomponents/httpcomponents-core/4.4.9/httpcomponents-core-4.4.9.pom
2018-11-20 13:03:08,056 [ModalContext] INFO  o.e.m.c.i.e.AbstractTransferListenerAdapter - Downloading https://repo.maven.apache.org/maven2/org/apache/httpcomponents/httpcomponents-parent/9/httpcomponents-parent-9.pom
2018-11-20 13:03:08,140 [ModalContext] INFO  o.e.m.c.i.e.AbstractTransferListenerAdapter - Downloaded https://repo.maven.apache.org/maven2/org/apache/httpcomponents/httpcomponents-parent/9/httpcomponents-parent-9.pom
2018-11-20 13:03:08,316 [ModalContext] INFO  o.e.m.c.i.e.AbstractTransferListenerAdapter - Downloading https://repo.maven.apache.org/maven2/commons-logging/commons-logging/1.2/commons-logging-1.2.pom
2018-11-20 13:03:08,391 [ModalContext] INFO  o.e.m.c.i.e.AbstractTransferListenerAdapter - Downloaded https://repo.maven.apache.org/maven2/commons-logging/commons-logging/1.2/commons-logging-1.2.pom
2018-11-20 13:03:08,547 [ModalContext] INFO  o.e.m.c.i.e.AbstractTransferListenerAdapter - Downloading https://repo.maven.apache.org/maven2/commons-codec/commons-codec/1.10/commons-codec-1.10.pom
2018-11-20 13:03:08,617 [ModalContext] INFO  o.e.m.c.i.e.AbstractTransferListenerAdapter - Downloaded https://repo.maven.apache.org/maven2/commons-codec/commons-codec/1.10/commons-codec-1.10.pom
2018-11-20 13:03:08,694 [ModalContext] INFO  o.e.m.c.i.e.AbstractTransferListenerAdapter - Downloading https://repo.maven.apache.org/maven2/org/apache/commons/commons-parent/35/commons-parent-35.pom
2018-11-20 13:03:08,832 [ModalContext] INFO  o.e.m.c.i.e.AbstractTransferListenerAdapter - Downloaded https://repo.maven.apache.org/maven2/org/apache/commons/commons-parent/35/commons-parent-35.pom
2018-11-20 13:03:09,080 [ModalContext] INFO  o.e.m.c.i.e.AbstractTransferListenerAdapter - Downloading https://repo.maven.apache.org/maven2/com/google/j2objc/j2objc-annotations/1.1/j2objc-annotations-1.1.pom
2018-11-20 13:03:09,150 [ModalContext] INFO  o.e.m.c.i.e.AbstractTransferListenerAdapter - Downloaded https://repo.maven.apache.org/maven2/com/google/j2objc/j2objc-annotations/1.1/j2objc-annotations-1.1.pom
2018-11-20 13:03:09,233 [ModalContext] INFO  o.e.m.c.i.e.AbstractTransferListenerAdapter - Downloading https://repo.maven.apache.org/maven2/com/google/api-client/google-api-client/1.25.0/google-api-client-1.25.0.pom
2018-11-20 13:03:09,319 [ModalContext] INFO  o.e.m.c.i.e.AbstractTransferListenerAdapter - Downloaded https://repo.maven.apache.org/maven2/com/google/api-client/google-api-client/1.25.0/google-api-client-1.25.0.pom
2018-11-20 13:03:09,398 [ModalContext] INFO  o.e.m.c.i.e.AbstractTransferListenerAdapter - Downloading https://repo.maven.apache.org/maven2/com/google/api-client/google-api-client-parent/1.25.0/google-api-client-parent-1.25.0.pom
2018-11-20 13:03:09,472 [ModalContext] INFO  o.e.m.c.i.e.AbstractTransferListenerAdapter - Downloaded https://repo.maven.apache.org/maven2/com/google/api-client/google-api-client-parent/1.25.0/google-api-client-parent-1.25.0.pom
2018-11-20 13:03:09,564 [ModalContext] INFO  o.e.m.c.i.e.AbstractTransferListenerAdapter - Downloading https://repo.maven.apache.org/maven2/com/google/oauth-client/google-oauth-client/1.25.0/google-oauth-client-1.25.0.pom
2018-11-20 13:03:09,632 [ModalContext] INFO  o.e.m.c.i.e.AbstractTransferListenerAdapter - Downloaded https://repo.maven.apache.org/maven2/com/google/oauth-client/google-oauth-client/1.25.0/google-oauth-client-1.25.0.pom
2018-11-20 13:03:09,711 [ModalContext] INFO  o.e.m.c.i.e.AbstractTransferListenerAdapter - Downloading https://repo.maven.apache.org/maven2/com/google/oauth-client/google-oauth-client-parent/1.25.0/google-oauth-client-parent-1.25.0.pom
2018-11-20 13:03:09,784 [ModalContext] INFO  o.e.m.c.i.e.AbstractTransferListenerAdapter - Downloaded https://repo.maven.apache.org/maven2/com/google/oauth-client/google-oauth-client-parent/1.25.0/google-oauth-client-parent-1.25.0.pom
2018-11-20 13:03:09,864 [ModalContext] INFO  o.e.m.c.i.e.AbstractTransferListenerAdapter - Downloading https://repo.maven.apache.org/maven2/com/google/api-client/google-api-client-appengine/1.25.0/google-api-client-appengine-1.25.0.pom
2018-11-20 13:03:09,939 [ModalContext] INFO  o.e.m.c.i.e.AbstractTransferListenerAdapter - Downloaded https://repo.maven.apache.org/maven2/com/google/api-client/google-api-client-appengine/1.25.0/google-api-client-appengine-1.25.0.pom
2018-11-20 13:03:10,027 [ModalContext] INFO  o.e.m.c.i.e.AbstractTransferListenerAdapter - Downloading https://repo.maven.apache.org/maven2/com/google/oauth-client/google-oauth-client-appengine/1.25.0/google-oauth-client-appengine-1.25.0.pom
2018-11-20 13:03:10,097 [ModalContext] INFO  o.e.m.c.i.e.AbstractTransferListenerAdapter - Downloaded https://repo.maven.apache.org/maven2/com/google/oauth-client/google-oauth-client-appengine/1.25.0/google-oauth-client-appengine-1.25.0.pom
2018-11-20 13:03:10,179 [ModalContext] INFO  o.e.m.c.i.e.AbstractTransferListenerAdapter - Downloading https://repo.maven.apache.org/maven2/com/google/http-client/google-http-client-appengine/1.25.0/google-http-client-appengine-1.25.0.pom
2018-11-20 13:03:10,247 [ModalContext] INFO  o.e.m.c.i.e.AbstractTransferListenerAdapter - Downloaded https://repo.maven.apache.org/maven2/com/google/http-client/google-http-client-appengine/1.25.0/google-http-client-appengine-1.25.0.pom
2018-11-20 13:03:10,326 [ModalContext] INFO  o.e.m.c.i.e.AbstractTransferListenerAdapter - Downloading https://repo.maven.apache.org/maven2/com/google/oauth-client/google-oauth-client-servlet/1.25.0/google-oauth-client-servlet-1.25.0.pom
2018-11-20 13:03:10,396 [ModalContext] INFO  o.e.m.c.i.e.AbstractTransferListenerAdapter - Downloaded https://repo.maven.apache.org/maven2/com/google/oauth-client/google-oauth-client-servlet/1.25.0/google-oauth-client-servlet-1.25.0.pom
2018-11-20 13:03:10,475 [ModalContext] INFO  o.e.m.c.i.e.AbstractTransferListenerAdapter - Downloading https://repo.maven.apache.org/maven2/com/google/http-client/google-http-client-jdo/1.25.0/google-http-client-jdo-1.25.0.pom
2018-11-20 13:03:10,543 [ModalContext] INFO  o.e.m.c.i.e.AbstractTransferListenerAdapter - Downloaded https://repo.maven.apache.org/maven2/com/google/http-client/google-http-client-jdo/1.25.0/google-http-client-jdo-1.25.0.pom
2018-11-20 13:03:10,638 [ModalContext] INFO  o.e.m.c.i.e.AbstractTransferListenerAdapter - Downloading https://repo.maven.apache.org/maven2/com/google/api-client/google-api-client-servlet/1.25.0/google-api-client-servlet-1.25.0.pom
2018-11-20 13:03:10,707 [ModalContext] INFO  o.e.m.c.i.e.AbstractTransferListenerAdapter - Downloaded https://repo.maven.apache.org/maven2/com/google/api-client/google-api-client-servlet/1.25.0/google-api-client-servlet-1.25.0.pom
2018-11-20 13:03:10,801 [ModalContext] INFO  o.e.m.c.i.e.AbstractTransferListenerAdapter - Downloading https://repo.maven.apache.org/maven2/commons-fileupload/commons-fileupload/1.3.3/commons-fileupload-1.3.3.pom
2018-11-20 13:03:10,872 [ModalContext] INFO  o.e.m.c.i.e.AbstractTransferListenerAdapter - Downloaded https://repo.maven.apache.org/maven2/commons-fileupload/commons-fileupload/1.3.3/commons-fileupload-1.3.3.pom
2018-11-20 13:03:10,947 [ModalContext] INFO  o.e.m.c.i.e.AbstractTransferListenerAdapter - Downloading https://repo.maven.apache.org/maven2/org/apache/commons/commons-parent/41/commons-parent-41.pom
2018-11-20 13:03:11,024 [ModalContext] INFO  o.e.m.c.i.e.AbstractTransferListenerAdapter - Downloaded https://repo.maven.apache.org/maven2/org/apache/commons/commons-parent/41/commons-parent-41.pom
2018-11-20 13:03:11,725 [ModalContext] INFO  o.e.m.c.i.e.AbstractTransferListenerAdapter - Downloading https://repo.maven.apache.org/maven2/com/google/endpoints/endpoints-framework/2.2.0/endpoints-framework-2.2.0.jar
2018-11-20 13:03:12,116 [ModalContext] INFO  o.e.m.c.i.e.AbstractTransferListenerAdapter - Downloaded https://repo.maven.apache.org/maven2/com/google/endpoints/endpoints-framework/2.2.0/endpoints-framework-2.2.0.jar
2018-11-20 13:03:12,185 [ModalContext] INFO  o.e.m.c.i.e.AbstractTransferListenerAdapter - Downloading https://repo.maven.apache.org/maven2/com/google/appengine/appengine-api-1.0-sdk/1.9.60/appengine-api-1.0-sdk-1.9.60.jar
2018-11-20 13:03:18,957 [ModalContext] INFO  o.e.m.c.i.e.AbstractTransferListenerAdapter - Downloaded https://repo.maven.apache.org/maven2/com/google/appengine/appengine-api-1.0-sdk/1.9.60/appengine-api-1.0-sdk-1.9.60.jar
2018-11-20 13:03:19,026 [ModalContext] INFO  o.e.m.c.i.e.AbstractTransferListenerAdapter - Downloading https://repo.maven.apache.org/maven2/com/google/http-client/google-http-client-jackson2/1.25.0/google-http-client-jackson2-1.25.0.jar
2018-11-20 13:03:19,100 [ModalContext] INFO  o.e.m.c.i.e.AbstractTransferListenerAdapter - Downloaded https://repo.maven.apache.org/maven2/com/google/http-client/google-http-client-jackson2/1.25.0/google-http-client-jackson2-1.25.0.jar
2018-11-20 13:03:19,175 [ModalContext] INFO  o.e.m.c.i.e.AbstractTransferListenerAdapter - Downloading https://repo.maven.apache.org/maven2/com/google/http-client/google-http-client/1.25.0/google-http-client-1.25.0.jar
2018-11-20 13:03:19,367 [ModalContext] INFO  o.e.m.c.i.e.AbstractTransferListenerAdapter - Downloaded https://repo.maven.apache.org/maven2/com/google/http-client/google-http-client/1.25.0/google-http-client-1.25.0.jar
2018-11-20 13:03:19,437 [ModalContext] INFO  o.e.m.c.i.e.AbstractTransferListenerAdapter - Downloading https://repo.maven.apache.org/maven2/org/apache/httpcomponents/httpclient/4.5.5/httpclient-4.5.5.jar
2018-11-20 13:03:19,747 [ModalContext] INFO  o.e.m.c.i.e.AbstractTransferListenerAdapter - Downloaded https://repo.maven.apache.org/maven2/org/apache/httpcomponents/httpclient/4.5.5/httpclient-4.5.5.jar
2018-11-20 13:03:19,817 [ModalContext] INFO  o.e.m.c.i.e.AbstractTransferListenerAdapter - Downloading https://repo.maven.apache.org/maven2/org/apache/httpcomponents/httpcore/4.4.9/httpcore-4.4.9.jar
2018-11-20 13:03:19,996 [ModalContext] INFO  o.e.m.c.i.e.AbstractTransferListenerAdapter - Downloaded https://repo.maven.apache.org/maven2/org/apache/httpcomponents/httpcore/4.4.9/httpcore-4.4.9.jar
2018-11-20 13:03:20,064 [ModalContext] INFO  o.e.m.c.i.e.AbstractTransferListenerAdapter - Downloading https://repo.maven.apache.org/maven2/commons-logging/commons-logging/1.2/commons-logging-1.2.jar
2018-11-20 13:03:20,142 [ModalContext] INFO  o.e.m.c.i.e.AbstractTransferListenerAdapter - Downloaded https://repo.maven.apache.org/maven2/commons-logging/commons-logging/1.2/commons-logging-1.2.jar
2018-11-20 13:03:20,211 [ModalContext] INFO  o.e.m.c.i.e.AbstractTransferListenerAdapter - Downloading https://repo.maven.apache.org/maven2/commons-codec/commons-codec/1.10/commons-codec-1.10.jar
2018-11-20 13:03:20,361 [ModalContext] INFO  o.e.m.c.i.e.AbstractTransferListenerAdapter - Downloaded https://repo.maven.apache.org/maven2/commons-codec/commons-codec/1.10/commons-codec-1.10.jar
2018-11-20 13:03:20,429 [ModalContext] INFO  o.e.m.c.i.e.AbstractTransferListenerAdapter - Downloading https://repo.maven.apache.org/maven2/com/google/j2objc/j2objc-annotations/1.1/j2objc-annotations-1.1.jar
2018-11-20 13:03:20,496 [ModalContext] INFO  o.e.m.c.i.e.AbstractTransferListenerAdapter - Downloaded https://repo.maven.apache.org/maven2/com/google/j2objc/j2objc-annotations/1.1/j2objc-annotations-1.1.jar
2018-11-20 13:03:20,571 [ModalContext] INFO  o.e.m.c.i.e.AbstractTransferListenerAdapter - Downloading https://repo.maven.apache.org/maven2/com/google/api-client/google-api-client/1.25.0/google-api-client-1.25.0.jar
2018-11-20 13:03:20,667 [ModalContext] INFO  o.e.m.c.i.e.AbstractTransferListenerAdapter - Downloaded https://repo.maven.apache.org/maven2/com/google/api-client/google-api-client/1.25.0/google-api-client-1.25.0.jar
2018-11-20 13:03:20,733 [ModalContext] INFO  o.e.m.c.i.e.AbstractTransferListenerAdapter - Downloading https://repo.maven.apache.org/maven2/com/google/oauth-client/google-oauth-client/1.25.0/google-oauth-client-1.25.0.jar
2018-11-20 13:03:20,820 [ModalContext] INFO  o.e.m.c.i.e.AbstractTransferListenerAdapter - Downloaded https://repo.maven.apache.org/maven2/com/google/oauth-client/google-oauth-client/1.25.0/google-oauth-client-1.25.0.jar
2018-11-20 13:03:20,888 [ModalContext] INFO  o.e.m.c.i.e.AbstractTransferListenerAdapter - Downloading https://repo.maven.apache.org/maven2/com/google/api-client/google-api-client-appengine/1.25.0/google-api-client-appengine-1.25.0.jar
2018-11-20 13:03:20,992 [ModalContext] INFO  o.e.m.c.i.e.AbstractTransferListenerAdapter - Downloaded https://repo.maven.apache.org/maven2/com/google/api-client/google-api-client-appengine/1.25.0/google-api-client-appengine-1.25.0.jar
2018-11-20 13:03:21,061 [ModalContext] INFO  o.e.m.c.i.e.AbstractTransferListenerAdapter - Downloading https://repo.maven.apache.org/maven2/com/google/oauth-client/google-oauth-client-appengine/1.25.0/google-oauth-client-appengine-1.25.0.jar
2018-11-20 13:03:21,130 [ModalContext] INFO  o.e.m.c.i.e.AbstractTransferListenerAdapter - Downloaded https://repo.maven.apache.org/maven2/com/google/oauth-client/google-oauth-client-appengine/1.25.0/google-oauth-client-appengine-1.25.0.jar
2018-11-20 13:03:21,205 [ModalContext] INFO  o.e.m.c.i.e.AbstractTransferListenerAdapter - Downloading https://repo.maven.apache.org/maven2/com/google/oauth-client/google-oauth-client-servlet/1.25.0/google-oauth-client-servlet-1.25.0.jar
2018-11-20 13:03:21,272 [ModalContext] INFO  o.e.m.c.i.e.AbstractTransferListenerAdapter - Downloaded https://repo.maven.apache.org/maven2/com/google/oauth-client/google-oauth-client-servlet/1.25.0/google-oauth-client-servlet-1.25.0.jar
2018-11-20 13:03:21,338 [ModalContext] INFO  o.e.m.c.i.e.AbstractTransferListenerAdapter - Downloading https://repo.maven.apache.org/maven2/com/google/http-client/google-http-client-jdo/1.25.0/google-http-client-jdo-1.25.0.jar
2018-11-20 13:03:21,403 [ModalContext] INFO  o.e.m.c.i.e.AbstractTransferListenerAdapter - Downloaded https://repo.maven.apache.org/maven2/com/google/http-client/google-http-client-jdo/1.25.0/google-http-client-jdo-1.25.0.jar
2018-11-20 13:03:21,469 [ModalContext] INFO  o.e.m.c.i.e.AbstractTransferListenerAdapter - Downloading https://repo.maven.apache.org/maven2/com/google/api-client/google-api-client-servlet/1.25.0/google-api-client-servlet-1.25.0.jar
2018-11-20 13:03:21,558 [ModalContext] INFO  o.e.m.c.i.e.AbstractTransferListenerAdapter - Downloaded https://repo.maven.apache.org/maven2/com/google/api-client/google-api-client-servlet/1.25.0/google-api-client-servlet-1.25.0.jar
2018-11-20 13:03:21,624 [ModalContext] INFO  o.e.m.c.i.e.AbstractTransferListenerAdapter - Downloading https://repo.maven.apache.org/maven2/com/google/http-client/google-http-client-appengine/1.25.0/google-http-client-appengine-1.25.0.jar
2018-11-20 13:03:21,690 [ModalContext] INFO  o.e.m.c.i.e.AbstractTransferListenerAdapter - Downloaded https://repo.maven.apache.org/maven2/com/google/http-client/google-http-client-appengine/1.25.0/google-http-client-appengine-1.25.0.jar
2018-11-20 13:03:21,760 [ModalContext] INFO  o.e.m.c.i.e.AbstractTransferListenerAdapter - Downloading https://repo.maven.apache.org/maven2/commons-fileupload/commons-fileupload/1.3.3/commons-fileupload-1.3.3.jar
2018-11-20 13:03:21,840 [ModalContext] INFO  o.e.m.c.i.e.AbstractTransferListenerAdapter - Downloaded https://repo.maven.apache.org/maven2/commons-fileupload/commons-fileupload/1.3.3/commons-fileupload-1.3.3.jar
2018-11-20 13:03:24,367 [ModalContext] INFO  o.e.m.c.i.e.AbstractTransferListenerAdapter - Downloading https://repo.maven.apache.org/maven2/com/google/appengine/appengine-api-1.0-sdk/1.9.68/appengine-api-1.0-sdk-1.9.68.jar
2018-11-20 13:03:30,971 [ModalContext] INFO  o.e.m.c.i.e.AbstractTransferListenerAdapter - Downloaded https://repo.maven.apache.org/maven2/com/google/appengine/appengine-api-1.0-sdk/1.9.68/appengine-api-1.0-sdk-1.9.68.jar
2018-11-20 13:03:32,554 [Worker-25: Resolving libraries for Dynamic Web Module 3.1] INFO  o.e.m.c.i.e.AbstractTransferListenerAdapter - Downloading https://repo.maven.apache.org/maven2/javax/servlet/javax.servlet-api/3.1.0/javax.servlet-api-3.1.0-sources.jar
2018-11-20 13:03:32,904 [Worker-25: Resolving libraries for Dynamic Web Module 3.1] INFO  o.e.m.c.i.e.AbstractTransferListenerAdapter - Downloaded https://repo.maven.apache.org/maven2/javax/servlet/javax.servlet-api/3.1.0/javax.servlet-api-3.1.0-sources.jar
2018-11-20 13:03:33,487 [Worker-25: Resolving libraries for Dynamic Web Module 3.1] INFO  o.e.m.c.i.e.AbstractTransferListenerAdapter - Downloading https://repo.maven.apache.org/maven2/javax/servlet/jsp/javax.servlet.jsp-api/2.3.0/javax.servlet.jsp-api-2.3.0.jar
2018-11-20 13:03:33,688 [Worker-25: Resolving libraries for Dynamic Web Module 3.1] INFO  o.e.m.c.i.e.AbstractTransferListenerAdapter - Downloaded https://repo.maven.apache.org/maven2/javax/servlet/jsp/javax.servlet.jsp-api/2.3.0/javax.servlet.jsp-api-2.3.0.jar
2018-11-20 13:03:34,111 [Worker-25: Resolving libraries for Dynamic Web Module 3.1] INFO  o.e.m.c.i.e.AbstractTransferListenerAdapter - Downloading https://repo.maven.apache.org/maven2/javax/servlet/jsp/javax.servlet.jsp-api/2.3.0/javax.servlet.jsp-api-2.3.0-sources.jar
2018-11-20 13:03:34,387 [Worker-25: Resolving libraries for Dynamic Web Module 3.1] INFO  o.e.m.c.i.e.AbstractTransferListenerAdapter - Downloaded https://repo.maven.apache.org/maven2/javax/servlet/jsp/javax.servlet.jsp-api/2.3.0/javax.servlet.jsp-api-2.3.0-sources.jar
2018-11-20 13:03:34,815 [Worker-16: Downloading sources for joputa] INFO  o.e.m.c.i.e.AbstractTransferListenerAdapter - Downloading https://repo.maven.apache.org/maven2/com/fasterxml/jackson/core/jackson-annotations/2.9.6/jackson-annotations-2.9.6-sources.jar
2018-11-20 13:03:35,020 [Worker-16: Downloading sources for joputa] INFO  o.e.m.c.i.e.AbstractTransferListenerAdapter - Downloaded https://repo.maven.apache.org/maven2/com/fasterxml/jackson/core/jackson-annotations/2.9.6/jackson-annotations-2.9.6-sources.jar
2018-11-20 13:03:35,534 [Worker-16: Downloading sources for joputa] INFO  o.e.m.c.i.e.AbstractTransferListenerAdapter - Downloading https://repo.maven.apache.org/maven2/com/fasterxml/jackson/core/jackson-core/2.9.6/jackson-core-2.9.6-sources.jar
2018-11-20 13:03:35,903 [Worker-16: Downloading sources for joputa] INFO  o.e.m.c.i.e.AbstractTransferListenerAdapter - Downloaded https://repo.maven.apache.org/maven2/com/fasterxml/jackson/core/jackson-core/2.9.6/jackson-core-2.9.6-sources.jar
2018-11-20 13:03:36,464 [Worker-28: Downloading sources for joputa] INFO  o.e.m.c.i.e.AbstractTransferListenerAdapter - Downloading https://repo.maven.apache.org/maven2/com/fasterxml/jackson/core/jackson-databind/2.9.6/jackson-databind-2.9.6-sources.jar
2018-11-20 13:03:37,319 [Worker-28: Downloading sources for joputa] INFO  o.e.m.c.i.e.AbstractTransferListenerAdapter - Downloaded https://repo.maven.apache.org/maven2/com/fasterxml/jackson/core/jackson-databind/2.9.6/jackson-databind-2.9.6-sources.jar
2018-11-20 13:03:38,091 [Worker-23: Downloading sources for joputa] INFO  o.e.m.c.i.e.AbstractTransferListenerAdapter - Downloading https://repo.maven.apache.org/maven2/com/fasterxml/jackson/dataformat/jackson-dataformat-yaml/2.4.5/jackson-dataformat-yaml-2.4.5-sources.jar
2018-11-20 13:03:38,225 [Worker-23: Downloading sources for joputa] INFO  o.e.m.c.i.e.AbstractTransferListenerAdapter - Downloaded https://repo.maven.apache.org/maven2/com/fasterxml/jackson/dataformat/jackson-dataformat-yaml/2.4.5/jackson-dataformat-yaml-2.4.5-sources.jar
2018-11-20 13:03:38,805 [Worker-23: Downloading sources for joputa] INFO  o.e.m.c.i.e.AbstractTransferListenerAdapter - Downloading https://repo.maven.apache.org/maven2/com/fasterxml/jackson/datatype/jackson-datatype-joda/2.4.5/jackson-datatype-joda-2.4.5-sources.jar
2018-11-20 13:03:38,953 [Worker-23: Downloading sources for joputa] INFO  o.e.m.c.i.e.AbstractTransferListenerAdapter - Downloaded https://repo.maven.apache.org/maven2/com/fasterxml/jackson/datatype/jackson-datatype-joda/2.4.5/jackson-datatype-joda-2.4.5-sources.jar
2018-11-20 13:03:39,727 [Worker-27: Downloading sources for joputa] INFO  o.e.m.c.i.e.AbstractTransferListenerAdapter - Downloading https://repo.maven.apache.org/maven2/com/google/api-client/google-api-client/1.25.0/google-api-client-1.25.0-sources.jar
2018-11-20 13:03:40,076 [Worker-27: Downloading sources for joputa] INFO  o.e.m.c.i.e.AbstractTransferListenerAdapter - Downloaded https://repo.maven.apache.org/maven2/com/google/api-client/google-api-client/1.25.0/google-api-client-1.25.0-sources.jar
2018-11-20 13:03:40,750 [Worker-25: Downloading sources for joputa] INFO  o.e.m.c.i.e.AbstractTransferListenerAdapter - Downloading https://repo.maven.apache.org/maven2/com/google/api-client/google-api-client-appengine/1.25.0/google-api-client-appengine-1.25.0-sources.jar
2018-11-20 13:03:40,818 [Worker-25: Downloading sources for joputa] INFO  o.e.m.c.i.e.AbstractTransferListenerAdapter - Downloaded https://repo.maven.apache.org/maven2/com/google/api-client/google-api-client-appengine/1.25.0/google-api-client-appengine-1.25.0-sources.jar
2018-11-20 13:03:41,472 [Worker-28: Downloading sources for joputa] INFO  o.e.m.c.i.e.AbstractTransferListenerAdapter - Downloading https://repo.maven.apache.org/maven2/com/google/api-client/google-api-client-servlet/1.25.0/google-api-client-servlet-1.25.0-sources.jar
2018-11-20 13:03:41,601 [Worker-28: Downloading sources for joputa] INFO  o.e.m.c.i.e.AbstractTransferListenerAdapter - Downloaded https://repo.maven.apache.org/maven2/com/google/api-client/google-api-client-servlet/1.25.0/google-api-client-servlet-1.25.0-sources.jar
2018-11-20 13:03:42,283 [Worker-30: Downloading sources for joputa] INFO  o.e.m.c.i.e.AbstractTransferListenerAdapter - Downloaded https://repo.maven.apache.org/maven2/com/google/appengine/appengine-api-1.0-sdk/1.9.68/appengine-api-1.0-sdk-1.9.68-sources.jar
2018-11-20 13:03:42,803 [Worker-31: Downloading sources for joputa] INFO  o.e.m.c.i.e.AbstractTransferListenerAdapter - Downloading https://repo.maven.apache.org/maven2/com/google/code/findbugs/jsr305/3.0.1/jsr305-3.0.1-sources.jar
2018-11-20 13:03:42,936 [Worker-31: Downloading sources for joputa] INFO  o.e.m.c.i.e.AbstractTransferListenerAdapter - Downloaded https://repo.maven.apache.org/maven2/com/google/code/findbugs/jsr305/3.0.1/jsr305-3.0.1-sources.jar
2018-11-20 13:03:43,586 [Worker-26: Downloading sources for joputa] INFO  o.e.m.c.i.e.AbstractTransferListenerAdapter - Downloading https://repo.maven.apache.org/maven2/com/google/endpoints/endpoints-framework/2.2.0/endpoints-framework-2.2.0-sources.jar
2018-11-20 13:03:43,963 [Worker-26: Downloading sources for joputa] INFO  o.e.m.c.i.e.AbstractTransferListenerAdapter - Downloaded https://repo.maven.apache.org/maven2/com/google/endpoints/endpoints-framework/2.2.0/endpoints-framework-2.2.0-sources.jar
2018-11-20 13:03:44,586 [Worker-26: Downloading sources for joputa] INFO  o.e.m.c.i.e.AbstractTransferListenerAdapter - Downloading https://repo.maven.apache.org/maven2/com/google/guava/guava/20.0/guava-20.0-sources.jar
2018-11-20 13:03:45,447 [Worker-26: Downloading sources for joputa] INFO  o.e.m.c.i.e.AbstractTransferListenerAdapter - Downloaded https://repo.maven.apache.org/maven2/com/google/guava/guava/20.0/guava-20.0-sources.jar
2018-11-20 13:03:46,078 [Worker-30: Downloading sources for joputa] INFO  o.e.m.c.i.e.AbstractTransferListenerAdapter - Downloading https://repo.maven.apache.org/maven2/com/google/http-client/google-http-client/1.25.0/google-http-client-1.25.0-sources.jar
2018-11-20 13:03:46,446 [Worker-30: Downloading sources for joputa] INFO  o.e.m.c.i.e.AbstractTransferListenerAdapter - Downloaded https://repo.maven.apache.org/maven2/com/google/http-client/google-http-client/1.25.0/google-http-client-1.25.0-sources.jar
2018-11-20 13:03:46,963 [Worker-29: Downloading sources for joputa] INFO  o.e.m.c.i.e.AbstractTransferListenerAdapter - Downloading https://repo.maven.apache.org/maven2/com/google/http-client/google-http-client-appengine/1.25.0/google-http-client-appengine-1.25.0-sources.jar
2018-11-20 13:03:47,033 [Worker-29: Downloading sources for joputa] INFO  o.e.m.c.i.e.AbstractTransferListenerAdapter - Downloaded https://repo.maven.apache.org/maven2/com/google/http-client/google-http-client-appengine/1.25.0/google-http-client-appengine-1.25.0-sources.jar
2018-11-20 13:03:47,710 [Worker-16: Downloading sources for joputa] INFO  o.e.m.c.i.e.AbstractTransferListenerAdapter - Downloading https://repo.maven.apache.org/maven2/com/google/http-client/google-http-client-jackson2/1.25.0/google-http-client-jackson2-1.25.0-sources.jar
2018-11-20 13:03:47,779 [Worker-16: Downloading sources for joputa] INFO  o.e.m.c.i.e.AbstractTransferListenerAdapter - Downloaded https://repo.maven.apache.org/maven2/com/google/http-client/google-http-client-jackson2/1.25.0/google-http-client-jackson2-1.25.0-sources.jar
2018-11-20 13:03:48,375 [Worker-29: Downloading sources for joputa] INFO  o.e.m.c.i.e.AbstractTransferListenerAdapter - Downloading https://repo.maven.apache.org/maven2/com/google/http-client/google-http-client-jdo/1.25.0/google-http-client-jdo-1.25.0-sources.jar
2018-11-20 13:03:48,444 [Worker-29: Downloading sources for joputa] INFO  o.e.m.c.i.e.AbstractTransferListenerAdapter - Downloaded https://repo.maven.apache.org/maven2/com/google/http-client/google-http-client-jdo/1.25.0/google-http-client-jdo-1.25.0-sources.jar
2018-11-20 13:03:49,042 [Worker-30: Downloading sources for joputa] INFO  o.e.m.c.i.e.AbstractTransferListenerAdapter - Downloading https://repo.maven.apache.org/maven2/com/google/j2objc/j2objc-annotations/1.1/j2objc-annotations-1.1-sources.jar
2018-11-20 13:03:49,112 [Worker-30: Downloading sources for joputa] INFO  o.e.m.c.i.e.AbstractTransferListenerAdapter - Downloaded https://repo.maven.apache.org/maven2/com/google/j2objc/j2objc-annotations/1.1/j2objc-annotations-1.1-sources.jar
2018-11-20 13:03:49,767 [Worker-16: Downloading sources for joputa] INFO  o.e.m.c.i.e.AbstractTransferListenerAdapter - Downloading https://repo.maven.apache.org/maven2/com/google/oauth-client/google-oauth-client/1.25.0/google-oauth-client-1.25.0-sources.jar
2018-11-20 13:03:49,972 [Worker-16: Downloading sources for joputa] INFO  o.e.m.c.i.e.AbstractTransferListenerAdapter - Downloaded https://repo.maven.apache.org/maven2/com/google/oauth-client/google-oauth-client/1.25.0/google-oauth-client-1.25.0-sources.jar
2018-11-20 13:03:50,558 [Worker-26: Downloading sources for joputa] INFO  o.e.m.c.i.e.AbstractTransferListenerAdapter - Downloading https://repo.maven.apache.org/maven2/com/google/oauth-client/google-oauth-client-appengine/1.25.0/google-oauth-client-appengine-1.25.0-sources.jar
2018-11-20 13:03:50,628 [Worker-26: Downloading sources for joputa] INFO  o.e.m.c.i.e.AbstractTransferListenerAdapter - Downloaded https://repo.maven.apache.org/maven2/com/google/oauth-client/google-oauth-client-appengine/1.25.0/google-oauth-client-appengine-1.25.0-sources.jar
2018-11-20 13:03:51,299 [Worker-16: Downloading sources for joputa] INFO  o.e.m.c.i.e.AbstractTransferListenerAdapter - Downloading https://repo.maven.apache.org/maven2/com/google/oauth-client/google-oauth-client-servlet/1.25.0/google-oauth-client-servlet-1.25.0-sources.jar
2018-11-20 13:03:51,434 [Worker-16: Downloading sources for joputa] INFO  o.e.m.c.i.e.AbstractTransferListenerAdapter - Downloaded https://repo.maven.apache.org/maven2/com/google/oauth-client/google-oauth-client-servlet/1.25.0/google-oauth-client-servlet-1.25.0-sources.jar
2018-11-20 13:03:52,011 [Worker-28: Downloading sources for joputa] INFO  o.e.m.c.i.e.AbstractTransferListenerAdapter - Downloading https://repo.maven.apache.org/maven2/commons-codec/commons-codec/1.10/commons-codec-1.10-sources.jar
2018-11-20 13:03:52,379 [Worker-28: Downloading sources for joputa] INFO  o.e.m.c.i.e.AbstractTransferListenerAdapter - Downloaded https://repo.maven.apache.org/maven2/commons-codec/commons-codec/1.10/commons-codec-1.10-sources.jar
2018-11-20 13:03:52,936 [Worker-16: Downloading sources for joputa] INFO  o.e.m.c.i.e.AbstractTransferListenerAdapter - Downloading https://repo.maven.apache.org/maven2/commons-fileupload/commons-fileupload/1.3.3/commons-fileupload-1.3.3-sources.jar
2018-11-20 13:03:53,142 [Worker-16: Downloading sources for joputa] INFO  o.e.m.c.i.e.AbstractTransferListenerAdapter - Downloaded https://repo.maven.apache.org/maven2/commons-fileupload/commons-fileupload/1.3.3/commons-fileupload-1.3.3-sources.jar
2018-11-20 13:03:53,767 [Worker-29: Downloading sources for joputa] INFO  o.e.m.c.i.e.AbstractTransferListenerAdapter - Downloading https://repo.maven.apache.org/maven2/commons-io/commons-io/2.2/commons-io-2.2-sources.jar
2018-11-20 13:03:54,120 [Worker-29: Downloading sources for joputa] INFO  o.e.m.c.i.e.AbstractTransferListenerAdapter - Downloaded https://repo.maven.apache.org/maven2/commons-io/commons-io/2.2/commons-io-2.2-sources.jar
2018-11-20 13:03:54,981 [Worker-31: Downloading sources for joputa] INFO  o.e.m.c.i.e.AbstractTransferListenerAdapter - Downloading https://repo.maven.apache.org/maven2/commons-logging/commons-logging/1.2/commons-logging-1.2-sources.jar
2018-11-20 13:03:55,191 [Worker-31: Downloading sources for joputa] INFO  o.e.m.c.i.e.AbstractTransferListenerAdapter - Downloaded https://repo.maven.apache.org/maven2/commons-logging/commons-logging/1.2/commons-logging-1.2-sources.jar
2018-11-20 13:03:55,913 [Worker-31: Downloading sources for joputa] INFO  o.e.m.c.i.e.AbstractTransferListenerAdapter - Downloading https://repo.maven.apache.org/maven2/io/swagger/swagger-annotations/1.5.9/swagger-annotations-1.5.9-sources.jar
2018-11-20 13:03:56,045 [Worker-31: Downloading sources for joputa] INFO  o.e.m.c.i.e.AbstractTransferListenerAdapter - Downloaded https://repo.maven.apache.org/maven2/io/swagger/swagger-annotations/1.5.9/swagger-annotations-1.5.9-sources.jar
2018-11-20 13:03:57,138 [Worker-16: Downloading sources for joputa] INFO  o.e.m.c.i.e.AbstractTransferListenerAdapter - Downloading https://repo.maven.apache.org/maven2/io/swagger/swagger-core/1.5.9/swagger-core-1.5.9-sources.jar
2018-11-20 13:03:57,274 [Worker-16: Downloading sources for joputa] INFO  o.e.m.c.i.e.AbstractTransferListenerAdapter - Downloaded https://repo.maven.apache.org/maven2/io/swagger/swagger-core/1.5.9/swagger-core-1.5.9-sources.jar
2018-11-20 13:03:57,796 [Worker-30: Downloading sources for joputa] INFO  o.e.m.c.i.e.AbstractTransferListenerAdapter - Downloading https://repo.maven.apache.org/maven2/io/swagger/swagger-models/1.5.9/swagger-models-1.5.9-sources.jar
2018-11-20 13:03:58,002 [Worker-30: Downloading sources for joputa] INFO  o.e.m.c.i.e.AbstractTransferListenerAdapter - Downloaded https://repo.maven.apache.org/maven2/io/swagger/swagger-models/1.5.9/swagger-models-1.5.9-sources.jar
2018-11-20 13:03:58,681 [Worker-25: Downloading sources for joputa] INFO  o.e.m.c.i.e.AbstractTransferListenerAdapter - Downloading https://repo.maven.apache.org/maven2/javax/jdo/jdo2-api/2.3-eb/jdo2-api-2.3-eb-sources.jar
2018-11-20 13:03:59,052 [Worker-25: Downloading sources for joputa] INFO  o.e.m.c.i.e.AbstractTransferListenerAdapter - Downloaded https://repo.maven.apache.org/maven2/javax/jdo/jdo2-api/2.3-eb/jdo2-api-2.3-eb-sources.jar
2018-11-20 13:03:59,657 [Worker-25: Downloading sources for joputa] INFO  o.e.m.c.i.e.AbstractTransferListenerAdapter - Downloading https://repo.maven.apache.org/maven2/javax/servlet/servlet-api/2.5/servlet-api-2.5-sources.jar
2018-11-20 13:03:59,946 [Worker-25: Downloading sources for joputa] INFO  o.e.m.c.i.e.AbstractTransferListenerAdapter - Downloaded https://repo.maven.apache.org/maven2/javax/servlet/servlet-api/2.5/servlet-api-2.5-sources.jar
2018-11-20 13:04:00,621 [Worker-28: Downloading sources for joputa] INFO  o.e.m.c.i.e.AbstractTransferListenerAdapter - Downloading https://repo.maven.apache.org/maven2/javax/transaction/transaction-api/1.1/transaction-api-1.1-sources.jar
2018-11-20 13:04:00,754 [Worker-28: Downloading sources for joputa] INFO  o.e.m.c.i.e.AbstractTransferListenerAdapter - Downloaded https://repo.maven.apache.org/maven2/javax/transaction/transaction-api/1.1/transaction-api-1.1-sources.jar
2018-11-20 13:04:01,438 [Worker-26: Downloading sources for joputa] INFO  o.e.m.c.i.e.AbstractTransferListenerAdapter - Downloading https://repo.maven.apache.org/maven2/javax/validation/validation-api/1.1.0.Final/validation-api-1.1.0.Final-sources.jar
2018-11-20 13:04:01,680 [Worker-26: Downloading sources for joputa] INFO  o.e.m.c.i.e.AbstractTransferListenerAdapter - Downloaded https://repo.maven.apache.org/maven2/javax/validation/validation-api/1.1.0.Final/validation-api-1.1.0.Final-sources.jar
2018-11-20 13:04:02,380 [Worker-28: Downloading sources for joputa] INFO  o.e.m.c.i.e.AbstractTransferListenerAdapter - Downloading https://repo.maven.apache.org/maven2/joda-time/joda-time/2.2/joda-time-2.2-sources.jar
2018-11-20 13:04:02,916 [Worker-28: Downloading sources for joputa] INFO  o.e.m.c.i.e.AbstractTransferListenerAdapter - Downloaded https://repo.maven.apache.org/maven2/joda-time/joda-time/2.2/joda-time-2.2-sources.jar
2018-11-20 13:04:03,706 [Worker-31: Downloading sources for joputa] INFO  o.e.m.c.i.e.AbstractTransferListenerAdapter - Downloading https://repo.maven.apache.org/maven2/org/apache/commons/commons-lang3/3.2.1/commons-lang3-3.2.1-sources.jar
2018-11-20 13:04:04,149 [Worker-31: Downloading sources for joputa] INFO  o.e.m.c.i.e.AbstractTransferListenerAdapter - Downloaded https://repo.maven.apache.org/maven2/org/apache/commons/commons-lang3/3.2.1/commons-lang3-3.2.1-sources.jar
2018-11-20 13:04:04,727 [Worker-23: Downloading sources for joputa] INFO  o.e.m.c.i.e.AbstractTransferListenerAdapter - Downloading https://repo.maven.apache.org/maven2/org/apache/httpcomponents/httpclient/4.5.5/httpclient-4.5.5-sources.jar
2018-11-20 13:04:05,299 [Worker-23: Downloading sources for joputa] INFO  o.e.m.c.i.e.AbstractTransferListenerAdapter - Downloaded https://repo.maven.apache.org/maven2/org/apache/httpcomponents/httpclient/4.5.5/httpclient-4.5.5-sources.jar
2018-11-20 13:04:05,943 [Worker-31: Downloading sources for joputa] INFO  o.e.m.c.i.e.AbstractTransferListenerAdapter - Downloading https://repo.maven.apache.org/maven2/org/apache/httpcomponents/httpcore/4.4.9/httpcore-4.4.9-sources.jar
2018-11-20 13:04:06,384 [Worker-31: Downloading sources for joputa] INFO  o.e.m.c.i.e.AbstractTransferListenerAdapter - Downloaded https://repo.maven.apache.org/maven2/org/apache/httpcomponents/httpcore/4.4.9/httpcore-4.4.9-sources.jar
2018-11-20 13:04:07,578 [Worker-29: Downloading sources for joputa] INFO  o.e.m.c.i.e.AbstractTransferListenerAdapter - Downloading https://repo.maven.apache.org/maven2/org/slf4j/slf4j-api/1.6.3/slf4j-api-1.6.3-sources.jar
2018-11-20 13:04:07,778 [Worker-29: Downloading sources for joputa] INFO  o.e.m.c.i.e.AbstractTransferListenerAdapter - Downloaded https://repo.maven.apache.org/maven2/org/slf4j/slf4j-api/1.6.3/slf4j-api-1.6.3-sources.jar
2018-11-20 13:04:08,505 [Worker-25: Downloading sources for joputa] INFO  o.e.m.c.i.e.AbstractTransferListenerAdapter - Downloading https://repo.maven.apache.org/maven2/org/slf4j/slf4j-nop/1.7.21/slf4j-nop-1.7.21-sources.jar
2018-11-20 13:04:08,573 [Worker-25: Downloading sources for joputa] INFO  o.e.m.c.i.e.AbstractTransferListenerAdapter - Downloaded https://repo.maven.apache.org/maven2/org/slf4j/slf4j-nop/1.7.21/slf4j-nop-1.7.21-sources.jar
2018-11-20 13:04:09,113 [Worker-28: Downloading sources for joputa] INFO  o.e.m.c.i.e.AbstractTransferListenerAdapter - Downloading https://repo.maven.apache.org/maven2/org/yaml/snakeyaml/1.12/snakeyaml-1.12-sources.jar
2018-11-20 13:04:09,477 [Worker-28: Downloading sources for joputa] INFO  o.e.m.c.i.e.AbstractTransferListenerAdapter - Downloaded https://repo.maven.apache.org/maven2/org/yaml/snakeyaml/1.12/snakeyaml-1.12-sources.jar
2018-11-21 10:56:22,066 [Worker-5: Loading available Gradle versions] INFO  c.g.t.t.d.PublishedGradleVersions - Gradle version information cache is out-of-date. Trying to update.
